*** Starting uWSGI 2.0.18 (64bit) on [Sun Jun 19 18:54:13 2022] ***
compiled with version: 7.5.0 on 19 June 2022 10:18:38
os: Linux-5.4.0-113-generic #127~18.04.1-Ubuntu SMP Wed May 18 15:40:23 UTC 2022
nodename: zingo
machine: x86_64
clock source: unix
detected number of CPU cores: 1
current working directory: /home/zingo/python/workspace/django/day08/mysite7/mysite7
writing pidfile to uwsgi.pid
detected binary path: /usr/local/bin/uwsgi
!!! no internal routing support, rebuild with pcre support !!!
chdir() to /home/zingo/python/workspace/django/day08/mysite7
your processes number limit is 27605
your memory page size is 4096 bytes
detected max file descriptor number: 1024
lock engine: pthread robust mutexes
thunder lock: disabled (you can enable it with --thunder-lock)
uWSGI http bound on 127.0.0.1:8000 fd 4
uwsgi socket 0 bound to TCP address 127.0.0.1:43851 (port auto-assigned) fd 3
Python version: 3.6.9 (default, Mar 15 2022, 13:55:28)  [GCC 8.4.0]
Python main interpreter initialized at 0x55a17e966650
python threads support enabled
your server socket listen backlog is limited to 100 connections
your mercy for graceful operations on workers is 60 seconds
mapped 166752 bytes (162 KB) for 2 cores
*** Operational MODE: threaded ***
WSGI app 0 (mountpoint='') ready in 1 seconds on interpreter 0x55a17e966650 pid: 13692 (default app)
*** uWSGI is running in multiple interpreter mode ***
spawned uWSGI master process (pid: 13692)
spawned uWSGI worker 1 (pid: 13694, cores: 2)
spawned uWSGI http 1 (pid: 13695)
MyMW process_request do ---
MyMW2 process_request do ---
MyMW process_views do ---
MyMW2 process_views do ---
MyMW2 process_response do ---
MyMW process_response do ---
[pid: 13694|app: 0|req: 1/1] 127.0.0.1 () {46 vars in 849 bytes} [Sun Jun 19 10:58:01 2022] GET /test_upload => generated 522 bytes in 47 msecs (HTTP/1.1 200) 5 headers in 291 bytes (1 switches on core 0)
SIGINT/SIGQUIT received...killing workers...
gateway "uWSGI http 1" has been buried (pid: 13695)
worker 1 buried after 1 seconds
goodbye to uWSGI.
*** Starting uWSGI 2.0.18 (64bit) on [Tue Jun 21 10:14:46 2022] ***
compiled with version: 7.5.0 on 19 June 2022 10:18:38
os: Linux-5.4.0-113-generic #127~18.04.1-Ubuntu SMP Wed May 18 15:40:23 UTC 2022
nodename: zingo
machine: x86_64
clock source: unix
detected number of CPU cores: 1
current working directory: /home/zingo/python/workspace/django/day08/mysite7/mysite7
writing pidfile to uwsgi.pid
detected binary path: /usr/local/bin/uwsgi
!!! no internal routing support, rebuild with pcre support !!!
chdir() to /home/zingo/python/workspace/django/day08/mysite7
your processes number limit is 27605
your memory page size is 4096 bytes
detected max file descriptor number: 1024
lock engine: pthread robust mutexes
thunder lock: disabled (you can enable it with --thunder-lock)
uWSGI http bound on 127.0.0.1:8000 fd 4
uwsgi socket 0 bound to TCP address 127.0.0.1:44413 (port auto-assigned) fd 3
Python version: 3.6.9 (default, Mar 15 2022, 13:55:28)  [GCC 8.4.0]
Python main interpreter initialized at 0x55ba9ecec650
python threads support enabled
your server socket listen backlog is limited to 100 connections
your mercy for graceful operations on workers is 60 seconds
mapped 166752 bytes (162 KB) for 2 cores
*** Operational MODE: threaded ***
WSGI app 0 (mountpoint='') ready in 0 seconds on interpreter 0x55ba9ecec650 pid: 14445 (default app)
*** uWSGI is running in multiple interpreter mode ***
spawned uWSGI master process (pid: 14445)
spawned uWSGI worker 1 (pid: 14447, cores: 2)
spawned uWSGI http 1 (pid: 14448)
SIGINT/SIGQUIT received...killing workers...
gateway "uWSGI http 1" has been buried (pid: 14448)
worker 1 buried after 1 seconds
goodbye to uWSGI.
*** Starting uWSGI 2.0.18 (64bit) on [Tue Jun 21 11:02:15 2022] ***
compiled with version: 7.5.0 on 19 June 2022 10:18:38
os: Linux-5.4.0-113-generic #127~18.04.1-Ubuntu SMP Wed May 18 15:40:23 UTC 2022
nodename: zingo
machine: x86_64
clock source: unix
detected number of CPU cores: 1
current working directory: /home/zingo/python/workspace/django/day08/mysite7/mysite7
writing pidfile to uwsgi.pid
detected binary path: /usr/local/bin/uwsgi
!!! no internal routing support, rebuild with pcre support !!!
chdir() to /home/zingo/python/workspace/django/day08/mysite7
your processes number limit is 27605
your memory page size is 4096 bytes
detected max file descriptor number: 1024
lock engine: pthread robust mutexes
thunder lock: disabled (you can enable it with --thunder-lock)
uwsgi socket 0 bound to TCP address 127.0.0.1:8000 fd 3
Python version: 3.6.9 (default, Mar 15 2022, 13:55:28)  [GCC 8.4.0]
Python main interpreter initialized at 0x5629de12c580
python threads support enabled
your server socket listen backlog is limited to 100 connections
your mercy for graceful operations on workers is 60 seconds
mapped 166752 bytes (162 KB) for 2 cores
*** Operational MODE: threaded ***
WSGI app 0 (mountpoint='') ready in 1 seconds on interpreter 0x5629de12c580 pid: 15438 (default app)
*** uWSGI is running in multiple interpreter mode ***
spawned uWSGI master process (pid: 15438)
spawned uWSGI worker 1 (pid: 15440, cores: 2)
MyMW process_request do ---
MyMW2 process_request do ---
MyMW2 process_response do ---
MyMW process_response do ---
Not Found: /
[pid: 15440|app: 0|req: 1/1] 127.0.0.1 () {54 vars in 960 bytes} [Tue Jun 21 03:03:31 2022] GET / => generated 2811 bytes in 38 msecs (HTTP/1.1 404) 3 headers in 102 bytes (1 switches on core 0)
MyMW process_request do ---
MyMW2 process_request do ---
MyMW process_views do ---
MyMW2 process_views do ---
MyMW2 process_response do ---
MyMW process_response do ---
[pid: 15440|app: 0|req: 2/2] 127.0.0.1 () {50 vars in 889 bytes} [Tue Jun 21 03:03:41 2022] GET /test_upload => generated 522 bytes in 20 msecs (HTTP/1.1 200) 5 headers in 291 bytes (1 switches on core 1)
MyMW process_request do ---
MyMW2 process_request do ---
MyMW process_views do ---
MyMW2 process_views do ---
MyMW2 process_response do ---
MyMW process_response do ---
[pid: 15440|app: 0|req: 3/3] 127.0.0.1 () {50 vars in 889 bytes} [Tue Jun 21 09:26:46 2022] GET /test_upload => generated 522 bytes in 2 msecs (HTTP/1.1 200) 5 headers in 291 bytes (1 switches on core 0)
[pid: 15440|app: 0|req: 4/4] 127.0.0.1 () {50 vars in 877 bytes} [Tue Jun 21 09:37:34 2022] GET /admin => generated 0 bytes in 101 msecs (HTTP/1.1 301) 3 headers in 112 bytes (1 switches on core 1)
MyMW process_request do ---
MyMW2 process_request do ---
MyMW process_views do ---
MyMW2 process_views do ---
MyMW2 process_response do ---
MyMW process_response do ---
[pid: 15440|app: 0|req: 5/5] 127.0.0.1 () {50 vars in 879 bytes} [Tue Jun 21 09:37:34 2022] GET /admin/ => generated 0 bytes in 41 msecs (HTTP/1.1 302) 7 headers in 265 bytes (1 switches on core 0)
MyMW process_request do ---
MyMW2 process_request do ---
MyMW process_views do ---
MyMW2 process_views do ---
MyMW2 process_response do ---
MyMW process_response do ---
[pid: 15440|app: 0|req: 6/6] 127.0.0.1 () {50 vars in 916 bytes} [Tue Jun 21 09:37:34 2022] GET /admin/login/?next=/admin/ => generated 1819 bytes in 81 msecs (HTTP/1.1 200) 7 headers in 395 bytes (1 switches on core 1)
MyMW process_request do ---
MyMW2 process_request do ---
MyMW2 process_response do ---
MyMW process_response do ---
Not Found: /static/admin/css/base.css
MyMW process_request do ---
MyMW2 process_request do ---
[pid: 15440|app: 0|req: 8/7] 127.0.0.1 () {48 vars in 851 bytes} [Tue Jun 21 09:37:35 2022] GET /static/admin/css/base.css => generated 2904 bytes in 15 msecs (HTTP/1.1 404) 3 headers in 102 bytes (1 switches on core 0)
MyMW2 process_response do ---
MyMW process_request do ---
MyMW2 process_request do ---
MyMW process_response do ---
Not Found: /static/admin/css/login.css
[pid: 15440|app: 0|req: 9/8] 127.0.0.1 () {48 vars in 853 bytes} [Tue Jun 21 09:37:35 2022] GET /static/admin/css/login.css => generated 2907 bytes in 21 msecs (HTTP/1.1 404) 3 headers in 102 bytes (1 switches on core 1)
MyMW2 process_response do ---
MyMW process_response do ---
Not Found: /static/admin/css/responsive.css
[pid: 15440|app: 0|req: 9/9] 127.0.0.1 () {48 vars in 863 bytes} [Tue Jun 21 09:37:35 2022] GET /static/admin/css/responsive.css => generated 2922 bytes in 11 msecs (HTTP/1.1 404) 3 headers in 102 bytes (1 switches on core 0)
MyMW process_request do ---
MyMW2 process_request do ---
MyMW process_views do ---
MyMW2 process_views do ---
MyMW2 process_response do ---
MyMW process_response do ---
[pid: 15440|app: 0|req: 10/10] 127.0.0.1 () {50 vars in 916 bytes} [Tue Jun 21 09:44:50 2022] GET /admin/login/?next=/admin/ => generated 1819 bytes in 33 msecs (HTTP/1.1 200) 7 headers in 395 bytes (1 switches on core 1)
MyMW process_request do ---
MyMW2 process_request do ---
MyMW2 process_response do ---
MyMW process_response do ---
Not Found: /static/admin/css/base.css
MyMW process_request do ---
MyMW2 process_request do ---
[pid: 15440|app: 0|req: 12/11] 127.0.0.1 () {48 vars in 851 bytes} [Tue Jun 21 09:44:50 2022] GET /static/admin/css/base.css => generated 2904 bytes in 18 msecs (HTTP/1.1 404) 3 headers in 102 bytes (1 switches on core 0)
MyMW2 process_response do ---
MyMW process_request do ---
MyMW2 process_request do ---
MyMW process_response do ---
Not Found: /static/admin/css/login.css
[pid: 15440|app: 0|req: 13/12] 127.0.0.1 () {48 vars in 853 bytes} [Tue Jun 21 09:44:50 2022] GET /static/admin/css/login.css => generated 2907 bytes in 20 msecs (HTTP/1.1 404) 3 headers in 102 bytes (1 switches on core 1)
MyMW2 process_response do ---
MyMW process_response do ---
Not Found: /static/admin/css/responsive.css
[pid: 15440|app: 0|req: 13/13] 127.0.0.1 () {48 vars in 863 bytes} [Tue Jun 21 09:44:50 2022] GET /static/admin/css/responsive.css => generated 2922 bytes in 9 msecs (HTTP/1.1 404) 3 headers in 102 bytes (1 switches on core 0)
MyMW process_request do ---
MyMW2 process_request do ---
MyMW process_views do ---
MyMW2 process_views do ---
MyMW2 process_response do ---
MyMW process_response do ---
[pid: 15440|app: 0|req: 14/14] 127.0.0.1 () {50 vars in 916 bytes} [Tue Jun 21 09:44:51 2022] GET /admin/login/?next=/admin/ => generated 1819 bytes in 28 msecs (HTTP/1.1 200) 7 headers in 395 bytes (1 switches on core 1)
MyMW process_request do ---
MyMW2 process_request do ---
MyMW2 process_response do ---
MyMW process_request do ---
MyMW2 process_request do ---
MyMW process_response do ---
Not Found: /static/admin/css/base.css
[pid: 15440|app: 0|req: 16/15] 127.0.0.1 () {48 vars in 851 bytes} [Tue Jun 21 09:44:51 2022] GET /static/admin/css/base.css => generated 2904 bytes in 18 msecs (HTTP/1.1 404) 3 headers in 102 bytes (1 switches on core 0)
MyMW process_request do ---
MyMW2 process_request do ---
MyMW2 process_response do ---
MyMW process_response do ---
Not Found: /static/admin/css/login.css
[pid: 15440|app: 0|req: 17/16] 127.0.0.1 () {48 vars in 853 bytes} [Tue Jun 21 09:44:51 2022] GET /static/admin/css/login.css => generated 2907 bytes in 22 msecs (HTTP/1.1 404) 3 headers in 102 bytes (1 switches on core 1)
MyMW2 process_response do ---
MyMW process_response do ---
Not Found: /static/admin/css/responsive.css
[pid: 15440|app: 0|req: 17/17] 127.0.0.1 () {48 vars in 863 bytes} [Tue Jun 21 09:44:51 2022] GET /static/admin/css/responsive.css => generated 2922 bytes in 10 msecs (HTTP/1.1 404) 3 headers in 102 bytes (1 switches on core 0)
MyMW process_request do ---
MyMW2 process_request do ---
MyMW process_views do ---
MyMW2 process_views do ---
MyMW2 process_response do ---
MyMW process_response do ---
[pid: 15440|app: 0|req: 18/18] 127.0.0.1 () {50 vars in 916 bytes} [Tue Jun 21 09:50:54 2022] GET /admin/login/?next=/admin/ => generated 1819 bytes in 30 msecs (HTTP/1.1 200) 7 headers in 395 bytes (1 switches on core 1)
MyMW process_request do ---
MyMW2 process_request do ---
MyMW process_views do ---
MyMW2 process_views do ---
MyMW2 process_response do ---
MyMW process_response do ---
[pid: 15440|app: 0|req: 19/19] 127.0.0.1 () {50 vars in 916 bytes} [Tue Jun 21 09:55:15 2022] GET /admin/login/?next=/admin/ => generated 1819 bytes in 19 msecs (HTTP/1.1 200) 7 headers in 395 bytes (1 switches on core 0)
MyMW process_request do ---
MyMW2 process_request do ---
MyMW process_views do ---
MyMW2 process_views do ---
MyMW2 process_response do ---
MyMW process_response do ---
[pid: 15440|app: 0|req: 20/20] 127.0.0.1 () {50 vars in 916 bytes} [Tue Jun 21 09:55:17 2022] GET /admin/login/?next=/admin/ => generated 1819 bytes in 27 msecs (HTTP/1.1 200) 7 headers in 395 bytes (1 switches on core 1)
MyMW process_request do ---
MyMW2 process_request do ---
MyMW process_views do ---
MyMW2 process_views do ---
MyMW2 process_response do ---
MyMW process_response do ---
[pid: 15440|app: 0|req: 21/21] 127.0.0.1 () {50 vars in 916 bytes} [Tue Jun 21 09:58:22 2022] GET /admin/login/?next=/admin/ => generated 1819 bytes in 29 msecs (HTTP/1.1 200) 7 headers in 395 bytes (1 switches on core 0)
invalid request block size: 21573 (max 4096)...skip
invalid request block size: 21573 (max 4096)...skip
invalid request block size: 21573 (max 4096)...skip
invalid request block size: 21573 (max 4096)...skip
invalid request block size: 21573 (max 4096)...skip
invalid request block size: 21573 (max 4096)...skip
invalid request block size: 21573 (max 4096)...skip
invalid request block size: 21573 (max 4096)...skip
invalid request block size: 21573 (max 4096)...skip
invalid request block size: 21573 (max 4096)...skip
invalid request block size: 21573 (max 4096)...skip
invalid request block size: 21573 (max 4096)...skip
invalid request block size: 21573 (max 4096)...skip
invalid request block size: 21573 (max 4096)...skip
invalid request block size: 21573 (max 4096)...skip
invalid request block size: 21573 (max 4096)...skip
invalid request block size: 21573 (max 4096)...skip
invalid request block size: 21573 (max 4096)...skip
invalid request block size: 21573 (max 4096)...skip
invalid request block size: 21573 (max 4096)...skip
invalid request block size: 21573 (max 4096)...skip
invalid request block size: 21573 (max 4096)...skip
invalid request block size: 21573 (max 4096)...skip
invalid request block size: 21573 (max 4096)...skip
invalid request block size: 21573 (max 4096)...skip
invalid request block size: 21573 (max 4096)...skip
invalid request block size: 21573 (max 4096)...skip
invalid request block size: 21573 (max 4096)...skip
invalid request block size: 21573 (max 4096)...skip
invalid request block size: 21573 (max 4096)...skip
Wed Jun 22 09:36:13 2022 - uWSGI worker 1 screams: UAAAAAAH my master disconnected: i will kill myself !!!
